c:\users\user-pc\desktop\game2\g\igraphic1.2vs10\igraphic1.2vs10\debug\imain.obj
c:\users\user-pc\desktop\game2\g\igraphic1.2vs10\igraphic1.2vs10\debug\vc100.pdb
c:\users\somum\desktop\final\game2\g\igraphic1.2vs10\igraphic1.2vs10\debug\imain.obj
c:\users\somum\desktop\final\game2\g\igraphic1.2vs10\igraphic1.2vs10\debug\vc100.pdb
e:\old laptop\drive,e\pc\final\game2\g\igraphic1.2vs10\igraphic1.2vs10\debug\imain.obj
e:\old laptop\drive,e\pc\final\game2\g\igraphic1.2vs10\igraphic1.2vs10\debug\vc100.pdb
c:\users\user-pc\desktop\game2\g\igraphic1.2vs10\debug\igraphic1.2vs10.ilk
c:\users\user-pc\desktop\game2\g\igraphic1.2vs10\debug\igraphic1.2vs10.exe
c:\users\user-pc\desktop\game2\g\igraphic1.2vs10\igraphic1.2vs10\debug\igraphic1.2vs10.exe.intermediate.manifest
c:\users\user-pc\desktop\game2\g\igraphic1.2vs10\debug\igraphic1.2vs10.pdb
c:\users\somum\desktop\final\game2\g\igraphic1.2vs10\debug\igraphic1.2vs10.ilk
c:\users\somum\desktop\final\game2\g\igraphic1.2vs10\debug\igraphic1.2vs10.exe
c:\users\somum\desktop\final\game2\g\igraphic1.2vs10\igraphic1.2vs10\debug\igraphic1.2vs10.exe.intermediate.manifest
c:\users\somum\desktop\final\game2\g\igraphic1.2vs10\debug\igraphic1.2vs10.pdb
e:\old laptop\drive,e\pc\final\game2\g\igraphic1.2vs10\debug\igraphic1.2vs10.ilk
e:\old laptop\drive,e\pc\final\game2\g\igraphic1.2vs10\debug\igraphic1.2vs10.exe
e:\old laptop\drive,e\pc\final\game2\g\igraphic1.2vs10\igraphic1.2vs10\debug\igraphic1.2vs10.exe.intermediate.manifest
e:\old laptop\drive,e\pc\final\game2\g\igraphic1.2vs10\debug\igraphic1.2vs10.pdb
c:\users\user-pc\desktop\game2\g\igraphic1.2vs10\igraphic1.2vs10\debug\igraphic1.2vs10.exe.embed.manifest
c:\users\user-pc\desktop\game2\g\igraphic1.2vs10\igraphic1.2vs10\debug\igraphic1.2vs10.exe.embed.manifest.res
c:\users\somum\desktop\final\game2\g\igraphic1.2vs10\igraphic1.2vs10\debug\igraphic1.2vs10.exe.embed.manifest.res
e:\old laptop\drive,e\pc\final\game2\g\igraphic1.2vs10\igraphic1.2vs10\debug\igraphic1.2vs10.exe.embed.manifest.res
g:\my git\catch the egg\game2\g\igraphic1.2vs10\igraphic1.2vs10\debug\vc140.pdb
g:\my git\catch the egg\game2\g\igraphic1.2vs10\igraphic1.2vs10\debug\vc140.idb
g:\my git\catch the egg\game2\g\igraphic1.2vs10\igraphic1.2vs10\debug\imain.obj
g:\my git\catch the egg\game2\g\igraphic1.2vs10\igraphic1.2vs10\debug\igraphic1.2vs10.vcxprojresolveassemblyreference.cache
g:\my git\catch the egg\game2\g\igraphic1.2vs10\igraphic1.2vs10\debug\cl.command.1.tlog
g:\my git\catch the egg\game2\g\igraphic1.2vs10\igraphic1.2vs10\debug\cl.read.1.tlog
g:\my git\catch the egg\game2\g\igraphic1.2vs10\igraphic1.2vs10\debug\cl.write.1.tlog
g:\my git\catch the egg\game2\g\igraphic1.2vs10\igraphic1.2vs10\debug\igraphic1.2vs10.write.1.tlog
g:\my git\catch the egg\game2\g\igraphic1.2vs10\igraphic1.2vs10\debug\link-cvtres.read.1.tlog
g:\my git\catch the egg\game2\g\igraphic1.2vs10\igraphic1.2vs10\debug\link-cvtres.write.1.tlog
g:\my git\catch the egg\game2\g\igraphic1.2vs10\igraphic1.2vs10\debug\link.5876-cvtres.read.1.tlog
g:\my git\catch the egg\game2\g\igraphic1.2vs10\igraphic1.2vs10\debug\link.5876-cvtres.write.1.tlog
g:\my git\catch the egg\game2\g\igraphic1.2vs10\igraphic1.2vs10\debug\link.5876.read.1.tlog
g:\my git\catch the egg\game2\g\igraphic1.2vs10\igraphic1.2vs10\debug\link.5876.write.1.tlog
g:\my git\catch the egg\game2\g\igraphic1.2vs10\igraphic1.2vs10\debug\link.command.1.tlog
g:\my git\catch the egg\game2\g\igraphic1.2vs10\igraphic1.2vs10\debug\link.read.1.tlog
g:\my git\catch the egg\game2\g\igraphic1.2vs10\igraphic1.2vs10\debug\link.write.1.tlog
g:\my git\catch the egg\game2\g\igraphic1.2vs10\igraphic1.2vs10\debug\mt.command.1.tlog
g:\my git\catch the egg\game2\g\igraphic1.2vs10\igraphic1.2vs10\debug\mt.read.1.tlog
g:\my git\catch the egg\game2\g\igraphic1.2vs10\igraphic1.2vs10\debug\mt.write.1.tlog
g:\my git\catch the egg\game2\g\igraphic1.2vs10\igraphic1.2vs10\debug\rc.command.1.tlog
g:\my git\catch the egg\game2\g\igraphic1.2vs10\igraphic1.2vs10\debug\rc.read.1.tlog
g:\my git\catch the egg\game2\g\igraphic1.2vs10\igraphic1.2vs10\debug\rc.write.1.tlog
g:\my git\catch the egg\game2\g\igraphic1.2vs10\igraphic1.2vs10\debug\igraphic1.2vs10.exe.embed.manifest
g:\my git\catch the egg\game2\g\igraphic1.2vs10\igraphic1.2vs10\debug\igraphic1.2vs10.exe.intermediate.manifest
g:\my git\catch the egg\game2\g\igraphic1.2vs10\igraphic1.2vs10\debug\igraphic1.2vs10.exe.embed.manifest.res
g:\my git\catch the egg\game2\g\igraphic1.2vs10\igraphic1.2vs10\debug\vc100.idb
g:\my git\catch the egg\game2\g\igraphic1.2vs10\igraphic1.2vs10\debug\vc100.pdb
g:\my git\catch the egg\game2\g\igraphic1.2vs10\igraphic1.2vs10\debug\igraphic1.2vs10_manifest.rc
g:\my git\catch the egg\game2\g\igraphic1.2vs10\debug\igraphic1.2vs10.pdb
g:\my git\catch the egg\game2\g\igraphic1.2vs10\igraphic1.2vs10\debug\igraphic1.2vs10.tlog\cl.command.1.tlog
g:\my git\catch the egg\game2\g\igraphic1.2vs10\igraphic1.2vs10\debug\igraphic1.2vs10.tlog\cl.read.1.tlog
g:\my git\catch the egg\game2\g\igraphic1.2vs10\igraphic1.2vs10\debug\igraphic1.2vs10.tlog\cl.write.1.tlog
g:\my git\catch the egg\game2\g\igraphic1.2vs10\igraphic1.2vs10\debug\igraphic1.2vs10.tlog\link-cvtres.read.1.tlog
g:\my git\catch the egg\game2\g\igraphic1.2vs10\igraphic1.2vs10\debug\igraphic1.2vs10.tlog\link-cvtres.write.1.tlog
g:\my git\catch the egg\game2\g\igraphic1.2vs10\igraphic1.2vs10\debug\igraphic1.2vs10.tlog\link-rc.read.1.tlog
g:\my git\catch the egg\game2\g\igraphic1.2vs10\igraphic1.2vs10\debug\igraphic1.2vs10.tlog\link-rc.write.1.tlog
g:\my git\catch the egg\game2\g\igraphic1.2vs10\igraphic1.2vs10\debug\igraphic1.2vs10.tlog\link.command.1.tlog
g:\my git\catch the egg\game2\g\igraphic1.2vs10\igraphic1.2vs10\debug\igraphic1.2vs10.tlog\link.read.1.tlog
g:\my git\catch the egg\game2\g\igraphic1.2vs10\igraphic1.2vs10\debug\igraphic1.2vs10.tlog\link.write.1.tlog
